Using pre-set license
Built from '2021.3/staging' branch; Version is '2021.3.8f1 (b30333d56e81) revision 11731763'; Using compiler version '192829333'; Build Type 'Release'
OS: 'Windows 11  (10.0.22621) 64bit Professional' Language: 'en' Physical Memory: 32439 MB
BatchMode: 1, IsHumanControllingUs: 0, StartBugReporterOnCrash: 0, Is64bit: 1, IsPro: 1

COMMAND LINE ARGUMENTS:
C:\Program Files\Unity\Hub\Editor\2021.3.8f1\Editor\Unity.exe
-adb2
-batchMode
-noUpm
-name
AssetImportWorker0
-projectPath
C:/Users/Daniele/Documents/GitHub/Unity/corsoSpaceInvaders/corsoSpaceInvaders
-logFile
Logs/AssetImportWorker0.log
-srvPort
59279
Successfully changed project path to: C:/Users/Daniele/Documents/GitHub/Unity/corsoSpaceInvaders/corsoSpaceInvaders
C:/Users/Daniele/Documents/GitHub/Unity/corsoSpaceInvaders/corsoSpaceInvaders
[UnityMemory] Configuration Parameters - Can be set up in boot.config
    "memorysetup-bucket-allocator-granularity=16"
    "memorysetup-bucket-allocator-bucket-count=8"
    "memorysetup-bucket-allocator-block-size=33554432"
    "memorysetup-bucket-allocator-block-count=8"
    "memorysetup-main-allocator-block-size=16777216"
    "memorysetup-thread-allocator-block-size=16777216"
    "memorysetup-gfx-main-allocator-block-size=16777216"
    "memorysetup-gfx-thread-allocator-block-size=16777216"
    "memorysetup-cache-allocator-block-size=4194304"
    "memorysetup-typetree-allocator-block-size=2097152"
    "memorysetup-profiler-bucket-allocator-granularity=16"
    "memorysetup-profiler-bucket-allocator-bucket-count=8"
    "memorysetup-profiler-bucket-allocator-block-size=33554432"
    "memorysetup-profiler-bucket-allocator-block-count=8"
    "memorysetup-profiler-allocator-block-size=16777216"
    "memorysetup-profiler-editor-allocator-block-size=1048576"
    "memorysetup-temp-allocator-size-main=16777216"
    "memorysetup-job-temp-allocator-block-size=2097152"
    "memorysetup-job-temp-allocator-block-size-background=1048576"
    "memorysetup-job-temp-allocator-reduction-small-platforms=262144"
    "memorysetup-temp-allocator-size-background-worker=32768"
    "memorysetup-temp-allocator-size-job-worker=262144"
    "memorysetup-temp-allocator-size-preload-manager=33554432"
    "memorysetup-temp-allocator-size-nav-mesh-worker=65536"
    "memorysetup-temp-allocator-size-audio-worker=65536"
    "memorysetup-temp-allocator-size-cloud-worker=32768"
    "memorysetup-temp-allocator-size-gi-baking-worker=262144"
    "memorysetup-temp-allocator-size-gfx=262144"
Refreshing native plugins compatible for Editor in 52.01 ms, found 3 plugins.
Preloading 0 native plugins for Editor in 0.00 ms.
Initialize engine version: 2021.3.8f1 (b30333d56e81)
[Subsystems] Discovering subsystems at path C:/Program Files/Unity/Hub/Editor/2021.3.8f1/Editor/Data/Resources/UnitySubsystems
[Subsystems] Discovering subsystems at path C:/Users/Daniele/Documents/GitHub/Unity/corsoSpaceInvaders/corsoSpaceInvaders/Assets
GfxDevice: creating device client; threaded=0; jobified=0
Direct3D:
    Version:  Direct3D 11.0 [level 11.1]
    Renderer: NVIDIA GeForce RTX 3050 Ti Laptop GPU (ID=0x25a0)
    Vendor:   NVIDIA
    VRAM:     3978 MB
    Driver:   31.0.15.3203
Initialize mono
Mono path[0] = 'C:/Program Files/Unity/Hub/Editor/2021.3.8f1/Editor/Data/Managed'
Mono path[1] = 'C:/Program Files/Unity/Hub/Editor/2021.3.8f1/Editor/Data/MonoBleedingEdge/lib/mono/unityjit-win32'
Mono config path = 'C:/Program Files/Unity/Hub/Editor/2021.3.8f1/Editor/Data/MonoBleedingEdge/etc'
Using monoOptions --debugger-agent=transport=dt_socket,embedding=1,server=y,suspend=n,address=127.0.0.1:56852
Begin MonoManager ReloadAssembly
Registering precompiled unity dll's ...
Register platform support module: C:/Program Files/Unity/Hub/Editor/2021.3.8f1/Editor/Data/PlaybackEngines/WindowsStandaloneSupport/UnityEditor.WindowsStandalone.Extensions.dll
Registered in 0.002438 seconds.
Native extension for WindowsStandalone target not found
Refreshing native plugins compatible for Editor in 55.80 ms, found 3 plugins.
Preloading 0 native plugins for Editor in 0.00 ms.
Mono: successfully reloaded assembly
- Completed reload, in  0.427 seconds
Domain Reload Profiling:
	ReloadAssembly (427ms)
		BeginReloadAssembly (48ms)
			ExecutionOrderSort (0ms)
			DisableScriptedObjects (0ms)
			BackupInstance (0ms)
			ReleaseScriptingObjects (0ms)
			CreateAndSetChildDomain (1ms)
		EndReloadAssembly (311ms)
			LoadAssemblies (47ms)
			RebuildTransferFunctionScriptingTraits (0ms)
			SetupTypeCache (66ms)
			ReleaseScriptCaches (0ms)
			RebuildScriptCaches (21ms)
			SetupLoadedEditorAssemblies (189ms)
				LogAssemblyErrors (0ms)
				InitializePlatformSupportModulesInManaged (5ms)
				SetLoadedEditorAssemblies (0ms)
				RefreshPlugins (56ms)
				BeforeProcessingInitializeOnLoad (1ms)
				ProcessInitializeOnLoadAttributes (95ms)
				ProcessInitializeOnLoadMethodAttributes (31ms)
				AfterProcessingInitializeOnLoad (0ms)
				EditorAssembliesLoaded (0ms)
			ExecutionOrderSort2 (0ms)
			AwakeInstancesAfterBackupRestoration (0ms)
Platform modules already initialized, skipping
Registering precompiled user dll's ...
Registered in 0.002861 seconds.
Begin MonoManager ReloadAssembly
Symbol file LoadedFromMemory doesn't match image C:\Users\Daniele\Documents\GitHub\Unity\corsoSpaceInvaders\corsoSpaceInvaders\Library\PackageCache\com.unity.visualscripting@1.7.8\Editor\VisualScripting.Core\Dependencies\YamlDotNet\Unity.VisualScripting.YamlDotNet.dll
Symbol file LoadedFromMemory doesn't match image C:\Users\Daniele\Documents\GitHub\Unity\corsoSpaceInvaders\corsoSpaceInvaders\Library\PackageCache\com.unity.visualscripting@1.7.8\Editor\VisualScripting.Core\Dependencies\DotNetZip\Unity.VisualScripting.IonicZip.dll
Native extension for WindowsStandalone target not found
Refreshing native plugins compatible for Editor in 0.41 ms, found 3 plugins.
Preloading 0 native plugins for Editor in 0.00 ms.
Mono: successfully reloaded assembly
- Completed reload, in  0.751 seconds
Domain Reload Profiling:
	ReloadAssembly (752ms)
		BeginReloadAssembly (86ms)
			ExecutionOrderSort (0ms)
			DisableScriptedObjects (6ms)
			BackupInstance (0ms)
			ReleaseScriptingObjects (0ms)
			CreateAndSetChildDomain (16ms)
		EndReloadAssembly (585ms)
			LoadAssemblies (56ms)
			RebuildTransferFunctionScriptingTraits (0ms)
			SetupTypeCache (185ms)
			ReleaseScriptCaches (0ms)
			RebuildScriptCaches (37ms)
			SetupLoadedEditorAssemblies (276ms)
				LogAssemblyErrors (0ms)
				InitializePlatformSupportModulesInManaged (4ms)
				SetLoadedEditorAssemblies (0ms)
				RefreshPlugins (0ms)
				BeforeProcessingInitializeOnLoad (65ms)
				ProcessInitializeOnLoadAttributes (180ms)
				ProcessInitializeOnLoadMethodAttributes (22ms)
				AfterProcessingInitializeOnLoad (4ms)
				EditorAssembliesLoaded (0ms)
			ExecutionOrderSort2 (0ms)
			AwakeInstancesAfterBackupRestoration (5ms)
Platform modules already initialized, skipping
========================================================================
Worker process is ready to serve import requests
Launched and connected shader compiler UnityShaderCompiler.exe after 0.03 seconds
Refreshing native plugins compatible for Editor in 0.66 ms, found 3 plugins.
Preloading 0 native plugins for Editor in 0.00 ms.
Unloading 3377 Unused Serialized files (Serialized files now loaded: 0)
Unloading 27 unused Assets / (111.0 KB). Loaded Objects now: 3834.
Memory consumption went from 117.2 MB to 117.1 MB.
Total: 2.852800 ms (FindLiveObjects: 0.188100 ms CreateObjectMapping: 0.117500 ms MarkObjects: 2.471700 ms  DeleteObjects: 0.074500 ms)

AssetImportParameters requested are different than current active one (requested -> active):
  custom:video-decoder-ogg-theora: a1e56fd34408186e4bbccfd4996cb3dc -> 
  custom:container-muxer-webm: aa71ff27fc2769a1b78a27578f13a17b -> 
  custom:container-demuxer-webm: 4f35f7cbe854078d1ac9338744f61a02 -> 
  custom:video-encoder-webm-vp8: eb34c28f22e8b96e1ab97ce403110664 -> 
  custom:video-codec-MediaFoundation-h265: 746d11721c4dcdbdad8f713fa42b33f4 -> 
  custom:audio-encoder-webm-vorbis: bf7c407c2cedff20999df2af8eb42d56 -> 
  custom:framework-win-MediaFoundation: 216162199b28c13a410421893ffa2e32 -> 
  custom:container-demuxer-ogg: 62fdf1f143b41e24485cea50d1cbac27 -> 
  custom:video-decoder-webm-vp8: 9c59270c3fd7afecdb556c50c9e8de78 -> 
  custom:audio-decoder-ogg-vorbis: bf7c407c2cedff20999df2af8eb42d56 -> 
========================================================================
Received Import Request.
  Time since last request: 95522.041010 seconds.
  path: Assets/0-Introduzione
  artifactKey: Guid(ef08f9fcc8f16374d856fcb28a4385e6) Importer(815301076,1909f56bfc062723c751e8b465ee728b)
Start importing Assets/0-Introduzione using Guid(ef08f9fcc8f16374d856fcb28a4385e6) Importer(815301076,1909f56bfc062723c751e8b465ee728b)  -> (artifact id: '1cc6bd87ad72265a63156099ca6467ac') in 0.015269 seconds 
========================================================================
Received Import Request.
  Time since last request: 12.848956 seconds.
  path: Assets/0-Introduzione/Scenes
  artifactKey: Guid(40acc768cd8057045824697d7481faf7) Importer(815301076,1909f56bfc062723c751e8b465ee728b)
Start importing Assets/0-Introduzione/Scenes using Guid(40acc768cd8057045824697d7481faf7) Importer(815301076,1909f56bfc062723c751e8b465ee728b)  -> (artifact id: '31939721a80e3255c3f600b579ed88f9') in 0.005025 seconds 
========================================================================
Received Import Request.
  Time since last request: 8.252233 seconds.
  path: Assets/0-Introduzione/Lezione0.unity
  artifactKey: Guid(9fc0d4010bbf28b4594072e72b8655ab) Importer(815301076,1909f56bfc062723c751e8b465ee728b)
Start importing Assets/0-Introduzione/Lezione0.unity using Guid(9fc0d4010bbf28b4594072e72b8655ab) Importer(815301076,1909f56bfc062723c751e8b465ee728b)  -> (artifact id: '65c79b6f0b74e722eb61df243b4d7050') in 0.010776 seconds 
========================================================================
Received Import Request.
  Time since last request: 22.378382 seconds.
  path: Assets/0-Introduzione/Scenes/0-Introduzione.unity
  artifactKey: Guid(9fc0d4010bbf28b4594072e72b8655ab) Importer(815301076,1909f56bfc062723c751e8b465ee728b)
Start importing Assets/0-Introduzione/Scenes/0-Introduzione.unity using Guid(9fc0d4010bbf28b4594072e72b8655ab) Importer(815301076,1909f56bfc062723c751e8b465ee728b)  -> (artifact id: '262246a4be4824e7d40137bbbdc26000') in 0.010204 seconds 
========================================================================
Received Import Request.
  Time since last request: 17.701046 seconds.
  path: Assets/0-Introduzione/Scenes/Empty Scene.unity
  artifactKey: Guid(81ea69c61a3122b40b2a0a4bf82260e7) Importer(815301076,1909f56bfc062723c751e8b465ee728b)
Start importing Assets/0-Introduzione/Scenes/Empty Scene.unity using Guid(81ea69c61a3122b40b2a0a4bf82260e7) Importer(815301076,1909f56bfc062723c751e8b465ee728b)  -> (artifact id: '94bf911e247333996cf532f69ad717c4') in 0.005202 seconds 
========================================================================
Received Import Request.
  Time since last request: 52.878586 seconds.
  path: Assets/0-Introduzione/Scenes/Scene To ADd.unity
  artifactKey: Guid(b1993fc25685c03419154f6efba84ad3) Importer(815301076,1909f56bfc062723c751e8b465ee728b)
Start importing Assets/0-Introduzione/Scenes/Scene To ADd.unity using Guid(b1993fc25685c03419154f6efba84ad3) Importer(815301076,1909f56bfc062723c751e8b465ee728b)  -> (artifact id: 'f011e75d1806156cd14c5b9842461b54') in 0.004746 seconds 
========================================================================
Received Import Request.
  Time since last request: 6.043512 seconds.
  path: Assets/0-Introduzione/Scenes/Second Scene.unity
  artifactKey: Guid(b1993fc25685c03419154f6efba84ad3) Importer(815301076,1909f56bfc062723c751e8b465ee728b)
Start importing Assets/0-Introduzione/Scenes/Second Scene.unity using Guid(b1993fc25685c03419154f6efba84ad3) Importer(815301076,1909f56bfc062723c751e8b465ee728b)  -> (artifact id: '9f0ae68d3f7ed744d5c89081cc9f867f') in 0.004776 seconds 
========================================================================
Received Import Request.
  Time since last request: 16.571512 seconds.
  path: Assets/0-Introduzione/Scenes/Second Scene.unity
  artifactKey: Guid(b1993fc25685c03419154f6efba84ad3) Importer(815301076,1909f56bfc062723c751e8b465ee728b)
Start importing Assets/0-Introduzione/Scenes/Second Scene.unity using Guid(b1993fc25685c03419154f6efba84ad3) Importer(815301076,1909f56bfc062723c751e8b465ee728b)  -> (artifact id: '74e93df168a4a5914385c0c0ff34348a') in 0.001835 seconds 
========================================================================
Received Import Request.
  Time since last request: 4.202782 seconds.
  path: Assets/0-Introduzione/Scenes/Cube Scene.unity
  artifactKey: Guid(b1993fc25685c03419154f6efba84ad3) Importer(815301076,1909f56bfc062723c751e8b465ee728b)
Start importing Assets/0-Introduzione/Scenes/Cube Scene.unity using Guid(b1993fc25685c03419154f6efba84ad3) Importer(815301076,1909f56bfc062723c751e8b465ee728b)  -> (artifact id: 'fba14a8779ad7c3d2523c2c4db654253') in 0.004998 seconds 
========================================================================
Received Import Request.
  Time since last request: 207.202063 seconds.
  path: Assets/0-Introduzione/Scripts
  artifactKey: Guid(edff60efff9a49046a0a424765007df8) Importer(815301076,1909f56bfc062723c751e8b465ee728b)
Start importing Assets/0-Introduzione/Scripts using Guid(edff60efff9a49046a0a424765007df8) Importer(815301076,1909f56bfc062723c751e8b465ee728b)  -> (artifact id: 'c7451bbcb90ab6f3f42778256ee1497a') in 0.004958 seconds 
========================================================================
Received Import Request.
  Time since last request: 4.776777 seconds.
  path: Assets/0-Introduzione/Prefabs
  artifactKey: Guid(f0c608c847a249e4eb64b0e9496dfb32) Importer(815301076,1909f56bfc062723c751e8b465ee728b)
Start importing Assets/0-Introduzione/Prefabs using Guid(f0c608c847a249e4eb64b0e9496dfb32) Importer(815301076,1909f56bfc062723c751e8b465ee728b)  -> (artifact id: '7efd7eb0997fffd328b78945b061d358') in 0.004723 seconds 
========================================================================
Received Import Request.
  Time since last request: 8.398522 seconds.
  path: Assets/0-Introduzione/Scripts/CustomCube.cs
  artifactKey: Guid(cd89eed3c8d29274e97f885d3c4128fc) Importer(815301076,1909f56bfc062723c751e8b465ee728b)
Start importing Assets/0-Introduzione/Scripts/CustomCube.cs using Guid(cd89eed3c8d29274e97f885d3c4128fc) Importer(815301076,1909f56bfc062723c751e8b465ee728b)  -> (artifact id: '646086dde0b48d1a11c206804b886be2') in 0.052077 seconds 
========================================================================
Received Prepare
Registering precompiled user dll's ...
Registered in 0.002858 seconds.
Begin MonoManager ReloadAssembly
Symbol file LoadedFromMemory doesn't match image C:\Users\Daniele\Documents\GitHub\Unity\corsoSpaceInvaders\corsoSpaceInvaders\Library\PackageCache\com.unity.visualscripting@1.7.8\Editor\VisualScripting.Core\Dependencies\YamlDotNet\Unity.VisualScripting.YamlDotNet.dll
Symbol file LoadedFromMemory doesn't match image C:\Users\Daniele\Documents\GitHub\Unity\corsoSpaceInvaders\corsoSpaceInvaders\Library\PackageCache\com.unity.visualscripting@1.7.8\Editor\VisualScripting.Core\Dependencies\DotNetZip\Unity.VisualScripting.IonicZip.dll
Native extension for WindowsStandalone target not found
Refreshing native plugins compatible for Editor in 0.45 ms, found 3 plugins.
Preloading 0 native plugins for Editor in 0.00 ms.
Mono: successfully reloaded assembly
- Completed reload, in  0.729 seconds
Domain Reload Profiling:
	ReloadAssembly (730ms)
		BeginReloadAssembly (97ms)
			ExecutionOrderSort (0ms)
			DisableScriptedObjects (4ms)
			BackupInstance (0ms)
			ReleaseScriptingObjects (0ms)
			CreateAndSetChildDomain (28ms)
		EndReloadAssembly (565ms)
			LoadAssemblies (56ms)
			RebuildTransferFunctionScriptingTraits (0ms)
			SetupTypeCache (186ms)
			ReleaseScriptCaches (1ms)
			RebuildScriptCaches (31ms)
			SetupLoadedEditorAssemblies (249ms)
				LogAssemblyErrors (0ms)
				InitializePlatformSupportModulesInManaged (10ms)
				SetLoadedEditorAssemblies (0ms)
				RefreshPlugins (1ms)
				BeforeProcessingInitializeOnLoad (51ms)
				ProcessInitializeOnLoadAttributes (163ms)
				ProcessInitializeOnLoadMethodAttributes (20ms)
				AfterProcessingInitializeOnLoad (4ms)
				EditorAssembliesLoaded (0ms)
			ExecutionOrderSort2 (0ms)
			AwakeInstancesAfterBackupRestoration (7ms)
Platform modules already initialized, skipping
Refreshing native plugins compatible for Editor in 0.98 ms, found 3 plugins.
Preloading 0 native plugins for Editor in 0.00 ms.
Unloading 3373 Unused Serialized files (Serialized files now loaded: 0)
Unloading 20 unused Assets / (78.1 KB). Loaded Objects now: 3838.
Memory consumption went from 117.2 MB to 117.1 MB.
Total: 3.041100 ms (FindLiveObjects: 0.162700 ms CreateObjectMapping: 0.077300 ms MarkObjects: 2.732100 ms  DeleteObjects: 0.068200 ms)

AssetImportParameters requested are different than current active one (requested -> active):
  custom:video-decoder-ogg-theora: a1e56fd34408186e4bbccfd4996cb3dc -> 
  custom:container-muxer-webm: aa71ff27fc2769a1b78a27578f13a17b -> 
  custom:container-demuxer-webm: 4f35f7cbe854078d1ac9338744f61a02 -> 
  custom:video-encoder-webm-vp8: eb34c28f22e8b96e1ab97ce403110664 -> 
  custom:video-codec-MediaFoundation-h265: 746d11721c4dcdbdad8f713fa42b33f4 -> 
  custom:audio-encoder-webm-vorbis: bf7c407c2cedff20999df2af8eb42d56 -> 
  custom:framework-win-MediaFoundation: 216162199b28c13a410421893ffa2e32 -> 
  custom:container-demuxer-ogg: 62fdf1f143b41e24485cea50d1cbac27 -> 
  custom:video-decoder-webm-vp8: 9c59270c3fd7afecdb556c50c9e8de78 -> 
  custom:audio-decoder-ogg-vorbis: bf7c407c2cedff20999df2af8eb42d56 -> 
========================================================================
Received Prepare
Registering precompiled user dll's ...
Registered in 0.004714 seconds.
Begin MonoManager ReloadAssembly
Symbol file LoadedFromMemory doesn't match image C:\Users\Daniele\Documents\GitHub\Unity\corsoSpaceInvaders\corsoSpaceInvaders\Library\PackageCache\com.unity.visualscripting@1.7.8\Editor\VisualScripting.Core\Dependencies\YamlDotNet\Unity.VisualScripting.YamlDotNet.dll
Symbol file LoadedFromMemory doesn't match image C:\Users\Daniele\Documents\GitHub\Unity\corsoSpaceInvaders\corsoSpaceInvaders\Library\PackageCache\com.unity.visualscripting@1.7.8\Editor\VisualScripting.Core\Dependencies\DotNetZip\Unity.VisualScripting.IonicZip.dll
Native extension for WindowsStandalone target not found
Refreshing native plugins compatible for Editor in 0.42 ms, found 3 plugins.
Preloading 0 native plugins for Editor in 0.00 ms.
Mono: successfully reloaded assembly
- Completed reload, in  0.739 seconds
Domain Reload Profiling:
	ReloadAssembly (739ms)
		BeginReloadAssembly (91ms)
			ExecutionOrderSort (0ms)
			DisableScriptedObjects (4ms)
			BackupInstance (0ms)
			ReleaseScriptingObjects (0ms)
			CreateAndSetChildDomain (26ms)
		EndReloadAssembly (576ms)
			LoadAssemblies (54ms)
			RebuildTransferFunctionScriptingTraits (0ms)
			SetupTypeCache (185ms)
			ReleaseScriptCaches (1ms)
			RebuildScriptCaches (36ms)
			SetupLoadedEditorAssemblies (256ms)
				LogAssemblyErrors (0ms)
				InitializePlatformSupportModulesInManaged (9ms)
				SetLoadedEditorAssemblies (0ms)
				RefreshPlugins (0ms)
				BeforeProcessingInitializeOnLoad (56ms)
				ProcessInitializeOnLoadAttributes (166ms)
				ProcessInitializeOnLoadMethodAttributes (20ms)
				AfterProcessingInitializeOnLoad (4ms)
				EditorAssembliesLoaded (0ms)
			ExecutionOrderSort2 (0ms)
			AwakeInstancesAfterBackupRestoration (5ms)
Platform modules already initialized, skipping
Refreshing native plugins compatible for Editor in 1.10 ms, found 3 plugins.
Preloading 0 native plugins for Editor in 0.00 ms.
Unloading 3372 Unused Serialized files (Serialized files now loaded: 0)
Unloading 21 unused Assets / (78.2 KB). Loaded Objects now: 3840.
Memory consumption went from 117.1 MB to 117.1 MB.
Total: 3.114700 ms (FindLiveObjects: 0.151200 ms CreateObjectMapping: 0.062600 ms MarkObjects: 2.837700 ms  DeleteObjects: 0.062500 ms)

AssetImportParameters requested are different than current active one (requested -> active):
  custom:video-decoder-ogg-theora: a1e56fd34408186e4bbccfd4996cb3dc -> 
  custom:container-muxer-webm: aa71ff27fc2769a1b78a27578f13a17b -> 
  custom:container-demuxer-webm: 4f35f7cbe854078d1ac9338744f61a02 -> 
  custom:video-encoder-webm-vp8: eb34c28f22e8b96e1ab97ce403110664 -> 
  custom:video-codec-MediaFoundation-h265: 746d11721c4dcdbdad8f713fa42b33f4 -> 
  custom:audio-encoder-webm-vorbis: bf7c407c2cedff20999df2af8eb42d56 -> 
  custom:framework-win-MediaFoundation: 216162199b28c13a410421893ffa2e32 -> 
  custom:container-demuxer-ogg: 62fdf1f143b41e24485cea50d1cbac27 -> 
  custom:video-decoder-webm-vp8: 9c59270c3fd7afecdb556c50c9e8de78 -> 
  custom:audio-decoder-ogg-vorbis: bf7c407c2cedff20999df2af8eb42d56 -> 
========================================================================
Received Import Request.
  Time since last request: 95.397282 seconds.
  path: Assets/0-Introduzione/Prefabs/Cube.prefab
  artifactKey: Guid(1d311e8e26bd61d4792a51e21fd047e0) Importer(815301076,1909f56bfc062723c751e8b465ee728b)
Start importing Assets/0-Introduzione/Prefabs/Cube.prefab using Guid(1d311e8e26bd61d4792a51e21fd047e0) Importer(815301076,1909f56bfc062723c751e8b465ee728b)  -> (artifact id: 'e4472e622b8a69788730945e609d63aa') in 0.223091 seconds 
========================================================================
Received Import Request.
  Time since last request: 3.363805 seconds.
  path: Assets/0-Introduzione/Prefabs/Enemy.prefab
  artifactKey: Guid(1d311e8e26bd61d4792a51e21fd047e0) Importer(815301076,1909f56bfc062723c751e8b465ee728b)
Start importing Assets/0-Introduzione/Prefabs/Enemy.prefab using Guid(1d311e8e26bd61d4792a51e21fd047e0) Importer(815301076,1909f56bfc062723c751e8b465ee728b)  -> (artifact id: '78dcf6ad43859b5f1d69f72f3e0b6ae1') in 0.009962 seconds 
========================================================================
Received Import Request.
  Time since last request: 12.296076 seconds.
  path: Assets/0-Introduzione/Materials
  artifactKey: Guid(683d5ddb9b9078d4b949ade84789522b) Importer(815301076,1909f56bfc062723c751e8b465ee728b)
Start importing Assets/0-Introduzione/Materials using Guid(683d5ddb9b9078d4b949ade84789522b) Importer(815301076,1909f56bfc062723c751e8b465ee728b)  -> (artifact id: '23b1ad68f85eeead18d90937eda5383f') in 0.006187 seconds 
========================================================================
Received Import Request.
  Time since last request: 17.614911 seconds.
  path: Assets/0-Introduzione/Materials/Mat_Enemy.mat
  artifactKey: Guid(56ff83358c93ec64ea7f18d5d3bc7ae9) Importer(815301076,1909f56bfc062723c751e8b465ee728b)
Start importing Assets/0-Introduzione/Materials/Mat_Enemy.mat using Guid(56ff83358c93ec64ea7f18d5d3bc7ae9) Importer(815301076,1909f56bfc062723c751e8b465ee728b)  -> (artifact id: '30b6438462e096b72a7ea994c398a7b8') in 0.096055 seconds 
========================================================================
Received Import Request.
  Time since last request: 38.339295 seconds.
  path: Assets/0-Introduzione/Prefabs/Enemy.prefab
  artifactKey: Guid(1d311e8e26bd61d4792a51e21fd047e0) Importer(815301076,1909f56bfc062723c751e8b465ee728b)
Start importing Assets/0-Introduzione/Prefabs/Enemy.prefab using Guid(1d311e8e26bd61d4792a51e21fd047e0) Importer(815301076,1909f56bfc062723c751e8b465ee728b)  -> (artifact id: 'fbbfe38adbe8ca7431668cef39d713aa') in 0.007968 seconds 
========================================================================
Received Import Request.
  Time since last request: 69.469693 seconds.
  path: Assets/0-Introduzione/Prefabs/Enemy.prefab
  artifactKey: Guid(1d311e8e26bd61d4792a51e21fd047e0) Importer(815301076,1909f56bfc062723c751e8b465ee728b)
Start importing Assets/0-Introduzione/Prefabs/Enemy.prefab using Guid(1d311e8e26bd61d4792a51e21fd047e0) Importer(815301076,1909f56bfc062723c751e8b465ee728b)  -> (artifact id: 'af057bcffc8561c7be4283f7a207870a') in 0.010047 seconds 
========================================================================
Received Import Request.
  Time since last request: 25.433570 seconds.
  path: Assets/0-Introduzione/Terrains
  artifactKey: Guid(3c7f9439a46c10740afefe6501cb6119) Importer(815301076,1909f56bfc062723c751e8b465ee728b)
Start importing Assets/0-Introduzione/Terrains using Guid(3c7f9439a46c10740afefe6501cb6119) Importer(815301076,1909f56bfc062723c751e8b465ee728b)  -> (artifact id: '1d77985568fe7502458ee20a04b2b539') in 0.004838 seconds 
========================================================================
Received Import Request.
  Time since last request: 21.307911 seconds.
  path: Assets/New Terrain.asset
  artifactKey: Guid(f6f66d764b86e5046bfe383b092a60e5) Importer(815301076,1909f56bfc062723c751e8b465ee728b)
Start importing Assets/New Terrain.asset using Guid(f6f66d764b86e5046bfe383b092a60e5) Importer(815301076,1909f56bfc062723c751e8b465ee728b)  -> (artifact id: 'eab022c86d339e45890aa8460e607ae9') in 0.016967 seconds 
========================================================================
Received Import Request.
  Time since last request: 9.563975 seconds.
  path: Assets/0-Introduzione/Terrains/Terrain_Base.asset
  artifactKey: Guid(f6f66d764b86e5046bfe383b092a60e5) Importer(815301076,1909f56bfc062723c751e8b465ee728b)
Start importing Assets/0-Introduzione/Terrains/Terrain_Base.asset using Guid(f6f66d764b86e5046bfe383b092a60e5) Importer(815301076,1909f56bfc062723c751e8b465ee728b)  -> (artifact id: '5ffb0a917eee413405fed85a0811a090') in 0.011317 seconds 
========================================================================
Received Import Request.
  Time since last request: 404.092698 seconds.
  path: ProjectSettings/TagManager.asset
  artifactKey: Guid(00000000000000003000000000000000) Importer(815301076,1909f56bfc062723c751e8b465ee728b)
Start importing ProjectSettings/TagManager.asset using Guid(00000000000000003000000000000000) Importer(815301076,1909f56bfc062723c751e8b465ee728b)  -> (artifact id: '5f74b9f0782f3ffe8a654b2b60a9f33c') in 0.011978 seconds 
========================================================================
Received Import Request.
  Time since last request: 1376.459074 seconds.
  path: Assets/0-Introduzione/Prefabs/Cube.prefab
  artifactKey: Guid(095fbcc8b1d2e5545b7326cf4feac275) Importer(815301076,1909f56bfc062723c751e8b465ee728b)
Start importing Assets/0-Introduzione/Prefabs/Cube.prefab using Guid(095fbcc8b1d2e5545b7326cf4feac275) Importer(815301076,1909f56bfc062723c751e8b465ee728b)  -> (artifact id: '9b693792edadc8083f52b72be0f093fe') in 0.013483 seconds 
========================================================================
Received Import Request.
  Time since last request: 13.756868 seconds.
  path: Assets/0-Introduzione/Prefabs/NotSimmetricEnemy.prefab
  artifactKey: Guid(095fbcc8b1d2e5545b7326cf4feac275) Importer(815301076,1909f56bfc062723c751e8b465ee728b)
Start importing Assets/0-Introduzione/Prefabs/NotSimmetricEnemy.prefab using Guid(095fbcc8b1d2e5545b7326cf4feac275) Importer(815301076,1909f56bfc062723c751e8b465ee728b)  -> (artifact id: '19c4f4da98b0085b48ae07caaec923eb') in 0.014552 seconds 
========================================================================
Received Import Request.
  Time since last request: 80.592225 seconds.
  path: Assets/0-Introduzione/Prefabs/Cube.prefab
  artifactKey: Guid(4350f8d426cffa448bfec891133b1f1a) Importer(815301076,1909f56bfc062723c751e8b465ee728b)
Start importing Assets/0-Introduzione/Prefabs/Cube.prefab using Guid(4350f8d426cffa448bfec891133b1f1a) Importer(815301076,1909f56bfc062723c751e8b465ee728b)  -> (artifact id: '10fa0953bc1c8ae96feaa5a394a26983') in 0.016146 seconds 
========================================================================
Received Import Request.
  Time since last request: 114.334680 seconds.
  path: Assets/0-Introduzione/Scenes/0-Introduzione.unity
  artifactKey: Guid(9fc0d4010bbf28b4594072e72b8655ab) Importer(815301076,1909f56bfc062723c751e8b465ee728b)
Start importing Assets/0-Introduzione/Scenes/0-Introduzione.unity using Guid(9fc0d4010bbf28b4594072e72b8655ab) Importer(815301076,1909f56bfc062723c751e8b465ee728b)  -> (artifact id: '44c7fa2985fbc8cb511439bde6eeb739') in 0.001699 seconds 
========================================================================
Received Import Request.
  Time since last request: 1.829951 seconds.
  path: Assets/0-Introduzione/Scenes/Cube Scene.unity
  artifactKey: Guid(b1993fc25685c03419154f6efba84ad3) Importer(815301076,1909f56bfc062723c751e8b465ee728b)
Start importing Assets/0-Introduzione/Scenes/Cube Scene.unity using Guid(b1993fc25685c03419154f6efba84ad3) Importer(815301076,1909f56bfc062723c751e8b465ee728b)  -> (artifact id: '70e50158c0eef143fd5c61824e0ada68') in 0.004054 seconds 
========================================================================
Received Import Request.
  Time since last request: 12.832905 seconds.
  path: Assets/0-Introduzione/Scenes/1-Empty Scene.unity
  artifactKey: Guid(81ea69c61a3122b40b2a0a4bf82260e7) Importer(815301076,1909f56bfc062723c751e8b465ee728b)
Start importing Assets/0-Introduzione/Scenes/1-Empty Scene.unity using Guid(81ea69c61a3122b40b2a0a4bf82260e7) Importer(815301076,1909f56bfc062723c751e8b465ee728b)  -> (artifact id: 'a143aafbf385b8b940c6ffb3989cd6d1') in 0.010918 seconds 
========================================================================
Received Import Request.
  Time since last request: 0.852172 seconds.
  path: Assets/0-Introduzione/Scenes/0-Introduzione.unity
  artifactKey: Guid(9fc0d4010bbf28b4594072e72b8655ab) Importer(815301076,1909f56bfc062723c751e8b465ee728b)
Start importing Assets/0-Introduzione/Scenes/0-Introduzione.unity using Guid(9fc0d4010bbf28b4594072e72b8655ab) Importer(815301076,1909f56bfc062723c751e8b465ee728b)  -> (artifact id: '474223def8e997cab722fd3af06f221e') in 0.001460 seconds 
========================================================================
Received Import Request.
  Time since last request: 8.739510 seconds.
  path: Assets/0-Introduzione/Scenes/3-Introduzione.unity
  artifactKey: Guid(9fc0d4010bbf28b4594072e72b8655ab) Importer(815301076,1909f56bfc062723c751e8b465ee728b)
Start importing Assets/0-Introduzione/Scenes/3-Introduzione.unity using Guid(9fc0d4010bbf28b4594072e72b8655ab) Importer(815301076,1909f56bfc062723c751e8b465ee728b)  -> (artifact id: '36b606d1f4c88546d6cc3df8e1aea3aa') in 0.004547 seconds 
========================================================================
Received Import Request.
  Time since last request: 14.955746 seconds.
  path: Assets/0-Introduzione/Scenes/2-CubeScene.unity
  artifactKey: Guid(b1993fc25685c03419154f6efba84ad3) Importer(815301076,1909f56bfc062723c751e8b465ee728b)
Start importing Assets/0-Introduzione/Scenes/2-CubeScene.unity using Guid(b1993fc25685c03419154f6efba84ad3) Importer(815301076,1909f56bfc062723c751e8b465ee728b)  -> (artifact id: 'd01ceeed21423a13e9119f12efa442c8') in 0.010848 seconds 
========================================================================
Received Import Request.
  Time since last request: 24.716752 seconds.
  path: Assets/0-Introduzione/Scenes/3-Introduzione.unity
  artifactKey: Guid(9fc0d4010bbf28b4594072e72b8655ab) Importer(815301076,1909f56bfc062723c751e8b465ee728b)
Start importing Assets/0-Introduzione/Scenes/3-Introduzione.unity using Guid(9fc0d4010bbf28b4594072e72b8655ab) Importer(815301076,1909f56bfc062723c751e8b465ee728b)  -> (artifact id: 'f5e1ef1796134821887be4d340bd3aac') in 0.001807 seconds 
